createTime: '2021-01-07T22:22:59.396774Z'
currentStateTime: '1970-01-01T00:00:00Z'
id: 2021-01-07_14_22_58-12801906116772615218
location: europe-west2
name: copy_TRANSACTION_LINE_BOOK_MAP
projectId: project-x-ray
startTime: '2021-01-07T22:22:59.396774Z'
type: JOB_TYPE_BATCH
createTime: '2021-01-07T22:23:01.397975Z'
currentStateTime: '1970-01-01T00:00:00Z'
id: 2021-01-07_14_23_00-17074788013750290748
location: europe-west2
name: copy_ITEM_PRICE_HISTORY
projectId: project-x-ray
startTime: '2021-01-07T22:23:01.397975Z'
type: JOB_TYPE_BATCH
createTime: '2021-01-07T22:23:03.449060Z'
currentStateTime: '1970-01-01T00:00:00Z'
id: 2021-01-07_14_23_02-14137172189763708749
location: europe-west2
name: copy_OPPORTUNITY_LINES
projectId: project-x-ray
startTime: '2021-01-07T22:23:03.449060Z'
type: JOB_TYPE_BATCH
createTime: '2021-01-07T22:36:34.417538Z'
currentStateTime: '1970-01-01T00:00:00Z'
id: 2021-01-07_14_36_33-3511088769366078428
location: europe-west2
name: copy_TRANSACTION_LINE_BOOK_MAP
projectId: project-x-ray
startTime: '2021-01-07T22:36:34.417538Z'
type: JOB_TYPE_BATCH
createTime: '2021-01-07T22:36:36.306173Z'
currentStateTime: '1970-01-01T00:00:00Z'
id: 2021-01-07_14_36_35-1224850510858343847
location: europe-west2
name: copy_ITEM_PRICE_HISTORY
projectId: project-x-ray
startTime: '2021-01-07T22:36:36.306173Z'
type: JOB_TYPE_BATCH
createTime: '2021-01-07T22:36:38.730786Z'
currentStateTime: '1970-01-01T00:00:00Z'
id: 2021-01-07_14_36_37-9191973783069232149
location: europe-west2
name: copy_OPPORTUNITY_LINES
projectId: project-x-ray
startTime: '2021-01-07T22:36:38.730786Z'
type: JOB_TYPE_BATCH
createTime: '2021-01-07T22:36:40.659565Z'
currentStateTime: '1970-01-01T00:00:00Z'
id: 2021-01-07_14_36_39-1414860452153129575
location: europe-west2
name: copy_TRANSACTION_LINES
projectId: project-x-ray
startTime: '2021-01-07T22:36:40.659565Z'
type: JOB_TYPE_BATCH
createTime: '2021-01-07T22:36:42.596254Z'
currentStateTime: '1970-01-01T00:00:00Z'
id: 2021-01-07_14_36_41-7206213820373076743
location: europe-west2
name: copy_TRANSACTION_HISTORY
projectId: project-x-ray
startTime: '2021-01-07T22:36:42.596254Z'
type: JOB_TYPE_BATCH
createTime: '2021-01-07T22:36:44.524647Z'
currentStateTime: '1970-01-01T00:00:00Z'
id: 2021-01-07_14_36_43-10904063277470462438
location: europe-west2
name: copy_ITEM_LOCATION_MAP
projectId: project-x-ray
startTime: '2021-01-07T22:36:44.524647Z'
type: JOB_TYPE_BATCH
createTime: '2021-01-07T22:36:46.487016Z'
currentStateTime: '1970-01-01T00:00:00Z'
id: 2021-01-07_14_36_45-17505097783463697861
location: europe-west2
name: copy_TRANSACTION_LINKS
projectId: project-x-ray
startTime: '2021-01-07T22:36:46.487016Z'
type: JOB_TYPE_BATCH
createTime: '2021-01-07T22:36:48.350312Z'
currentStateTime: '1970-01-01T00:00:00Z'
id: 2021-01-07_14_36_47-12733557924873858689
location: europe-west2
name: copy_TRANSACTION_BIN_NUMBERS
projectId: project-x-ray
startTime: '2021-01-07T22:36:48.350312Z'
type: JOB_TYPE_BATCH
createTime: '2021-01-07T22:36:50.214203Z'
currentStateTime: '1970-01-01T00:00:00Z'
id: 2021-01-07_14_36_49-8529228695719487975
location: europe-west2
name: copy_POSTING_ACCOUNT_ACTIVITY
projectId: project-x-ray
startTime: '2021-01-07T22:36:50.214203Z'
type: JOB_TYPE_BATCH
createTime: '2021-01-07T22:36:52.033722Z'
currentStateTime: '1970-01-01T00:00:00Z'
id: 2021-01-07_14_36_51-2234904774985185303
location: europe-west2
name: copy_POSTING_ACCOUNT_ACTIVITY_PE
projectId: project-x-ray
startTime: '2021-01-07T22:36:52.033722Z'
type: JOB_TYPE_BATCH
createTime: '2021-01-07T22:36:53.888890Z'
currentStateTime: '1970-01-01T00:00:00Z'
id: 2021-01-07_14_36_52-12049618366982764702
location: europe-west2
name: copy_ITEM_PRICES
projectId: project-x-ray
startTime: '2021-01-07T22:36:53.888890Z'
type: JOB_TYPE_BATCH
createTime: '2021-01-07T22:36:55.723162Z'
currentStateTime: '1970-01-01T00:00:00Z'
id: 2021-01-07_14_36_54-14298516463790905958
location: europe-west2
name: copy_TRANSACTION_TAX_DETAIL
projectId: project-x-ray
startTime: '2021-01-07T22:36:55.723162Z'
type: JOB_TYPE_BATCH
createTime: '2021-01-07T22:36:57.613374Z'
currentStateTime: '1970-01-01T00:00:00Z'
id: 2021-01-07_14_36_56-6896327511224579517
location: europe-west2
name: copy_TRANSACTION_BOOK_MAP
projectId: project-x-ray
startTime: '2021-01-07T22:36:57.613374Z'
type: JOB_TYPE_BATCH
createTime: '2021-01-07T22:36:59.661881Z'
currentStateTime: '1970-01-01T00:00:00Z'
id: 2021-01-07_14_36_58-15794239046207363189
location: europe-west2
name: copy_ADDRESSES
projectId: project-x-ray
startTime: '2021-01-07T22:36:59.661881Z'
type: JOB_TYPE_BATCH
ERROR: (gcloud.dataflow.jobs.run) FAILED_PRECONDITION: (babead5d85596c5f): The workflow could not be created. Causes: (2b84a433709780aa): Dataflow quota error for jobs-per-project quota. Project project-x-ray is running 25 jobs. Please check the quota usage via GCP Console. If it exceeds the limit, please wait for a workflow to finish or contact Google Cloud Support to request an increase in quota. If it does not, contact Google Cloud Support.
ERROR: (gcloud.dataflow.jobs.run) FAILED_PRECONDITION: (354dc99efd639ee6): The workflow could not be created. Causes: (9c00d0ade7905537): Dataflow quota error for jobs-per-project quota. Project project-x-ray is running 25 jobs. Please check the quota usage via GCP Console. If it exceeds the limit, please wait for a workflow to finish or contact Google Cloud Support to request an increase in quota. If it does not, contact Google Cloud Support.
createTime: '2021-01-07T22:44:41.313531Z'
currentStateTime: '1970-01-01T00:00:00Z'
id: 2021-01-07_14_44_40-7114474027599501293
location: europe-west2
name: copy_WMS_LABEL_PRINTING
projectId: project-x-ray
startTime: '2021-01-07T22:44:41.313531Z'
type: JOB_TYPE_BATCH
createTime: '2021-01-07T22:44:43.222273Z'
currentStateTime: '1970-01-01T00:00:00Z'
id: 2021-01-07_14_44_42-4988744428874764655
location: europe-west2
name: copy_TRANSACTION_SHIPPING_GROUPS
projectId: project-x-ray
startTime: '2021-01-07T22:44:43.222273Z'
type: JOB_TYPE_BATCH
createTime: '2021-01-07T22:44:45.124035Z'
currentStateTime: '1970-01-01T00:00:00Z'
id: 2021-01-07_14_44_44-594312140485101800
location: europe-west2
name: copy_TRANSACTION_TRACKING_NUMBERS
projectId: project-x-ray
startTime: '2021-01-07T22:44:45.124035Z'
type: JOB_TYPE_BATCH
createTime: '2021-01-07T22:44:46.997363Z'
currentStateTime: '1970-01-01T00:00:00Z'
id: 2021-01-07_14_44_45-7785246288621724035
location: europe-west2
name: copy_WMS_OPEN_TASK
projectId: project-x-ray
startTime: '2021-01-07T22:44:46.997363Z'
type: JOB_TYPE_BATCH
createTime: '2021-01-07T22:44:48.881417Z'
currentStateTime: '1970-01-01T00:00:00Z'
id: 2021-01-07_14_44_47-11224502745247922467
location: europe-west2
name: copy_BIN_NUMBER_COUNTS
projectId: project-x-ray
startTime: '2021-01-07T22:44:48.881417Z'
type: JOB_TYPE_BATCH
createTime: '2021-01-07T22:44:50.757249Z'
currentStateTime: '1970-01-01T00:00:00Z'
id: 2021-01-07_14_44_49-2587841892003489392
location: europe-west2
name: copy_05SIZE_MAP
projectId: project-x-ray
startTime: '2021-01-07T22:44:50.757249Z'
type: JOB_TYPE_BATCH
createTime: '2021-01-07T22:44:52.727100Z'
currentStateTime: '1970-01-01T00:00:00Z'
id: 2021-01-07_14_44_51-2234904774985184979
location: europe-west2
name: copy_ITEMS
projectId: project-x-ray
startTime: '2021-01-07T22:44:52.727100Z'
type: JOB_TYPE_BATCH
createTime: '2021-01-07T22:44:54.571102Z'
currentStateTime: '1970-01-01T00:00:00Z'
id: 2021-01-07_14_44_53-3716052382367539891
location: europe-west2
name: copy_ITEM_SUBSIDIARY_MAP
projectId: project-x-ray
startTime: '2021-01-07T22:44:54.571102Z'
type: JOB_TYPE_BATCH
createTime: '2021-01-07T22:44:56.425326Z'
currentStateTime: '1970-01-01T00:00:00Z'
id: 2021-01-07_14_44_55-3716052382367543027
location: europe-west2
name: copy_FARAPP_SYNCED_ITEMS
projectId: project-x-ray
startTime: '2021-01-07T22:44:56.425326Z'
type: JOB_TYPE_BATCH
createTime: '2021-01-07T22:44:58.258316Z'
currentStateTime: '1970-01-01T00:00:00Z'
id: 2021-01-07_14_44_57-7187260868997536902
location: europe-west2
name: copy_SUPPLIER_CATEGORIES
projectId: project-x-ray
startTime: '2021-01-07T22:44:58.258316Z'
type: JOB_TYPE_BATCH
createTime: '2021-01-07T22:45:00.049082Z'
currentStateTime: '1970-01-01T00:00:00Z'
id: 2021-01-07_14_44_59-4124309058296546194
location: europe-west2
name: copy_INVENTORY_ITEMS
projectId: project-x-ray
startTime: '2021-01-07T22:45:00.049082Z'
type: JOB_TYPE_BATCH
ERROR: (gcloud.dataflow.jobs.run) FAILED_PRECONDITION: (4eb53b5a1eaec63d): The workflow could not be created. Causes: (e8c4736160853307): Dataflow quota error for jobs-per-project quota. Project project-x-ray is running 25 jobs. Please check the quota usage via GCP Console. If it exceeds the limit, please wait for a workflow to finish or contact Google Cloud Support to request an increase in quota. If it does not, contact Google Cloud Support.
ERROR: (gcloud.dataflow.jobs.run) FAILED_PRECONDITION: (f67eea70179957d4): The workflow could not be created. Causes: (7a9d362b4aca7a91): Dataflow quota error for jobs-per-project quota. Project project-x-ray is running 25 jobs. Please check the quota usage via GCP Console. If it exceeds the limit, please wait for a workflow to finish or contact Google Cloud Support to request an increase in quota. If it does not, contact Google Cloud Support.
ERROR: (gcloud.dataflow.jobs.run) FAILED_PRECONDITION: (72e081fc8673e0ec): The workflow could not be created. Causes: (9c00d0ade7905457): Dataflow quota error for jobs-per-project quota. Project project-x-ray is running 25 jobs. Please check the quota usage via GCP Console. If it exceeds the limit, please wait for a workflow to finish or contact Google Cloud Support to request an increase in quota. If it does not, contact Google Cloud Support.
ERROR: (gcloud.dataflow.jobs.run) FAILED_PRECONDITION: (fd68a1d4933cf11a): The workflow could not be created. Causes: (707eb70fe7260acc): Dataflow quota error for jobs-per-project quota. Project project-x-ray is running 25 jobs. Please check the quota usage via GCP Console. If it exceeds the limit, please wait for a workflow to finish or contact Google Cloud Support to request an increase in quota. If it does not, contact Google Cloud Support.
ERROR: (gcloud.dataflow.jobs.run) FAILED_PRECONDITION: (7e30d110f51de93d): The workflow could not be created. Causes: (707eb70fe7260aae): Dataflow quota error for jobs-per-project quota. Project project-x-ray is running 25 jobs. Please check the quota usage via GCP Console. If it exceeds the limit, please wait for a workflow to finish or contact Google Cloud Support to request an increase in quota. If it does not, contact Google Cloud Support.
ERROR: (gcloud.dataflow.jobs.run) FAILED_PRECONDITION: (d8244cced1fa7b74): The workflow could not be created. Causes: (9c00d0ade79051d0): Dataflow quota error for jobs-per-project quota. Project project-x-ray is running 25 jobs. Please check the quota usage via GCP Console. If it exceeds the limit, please wait for a workflow to finish or contact Google Cloud Support to request an increase in quota. If it does not, contact Google Cloud Support.
ERROR: (gcloud.dataflow.jobs.run) FAILED_PRECONDITION: (ee955b04fb832af2): The workflow could not be created. Causes: (707eb70fe726028d): Dataflow quota error for jobs-per-project quota. Project project-x-ray is running 25 jobs. Please check the quota usage via GCP Console. If it exceeds the limit, please wait for a workflow to finish or contact Google Cloud Support to request an increase in quota. If it does not, contact Google Cloud Support.
ERROR: (gcloud.dataflow.jobs.run) FAILED_PRECONDITION: (69b3552d3830fd5e): The workflow could not be created. Causes: (3a6bb99b0e5aa89d): Dataflow quota error for jobs-per-project quota. Project project-x-ray is running 25 jobs. Please check the quota usage via GCP Console. If it exceeds the limit, please wait for a workflow to finish or contact Google Cloud Support to request an increase in quota. If it does not, contact Google Cloud Support.
ERROR: (gcloud.dataflow.jobs.run) FAILED_PRECONDITION: (ed2e6685cc85f0b8): The workflow could not be created. Causes: (8de1981b7409a6cd): Dataflow quota error for jobs-per-project quota. Project project-x-ray is running 25 jobs. Please check the quota usage via GCP Console. If it exceeds the limit, please wait for a workflow to finish or contact Google Cloud Support to request an increase in quota. If it does not, contact Google Cloud Support.
ERROR: (gcloud.dataflow.jobs.run) FAILED_PRECONDITION: (e9559d0850b74783): The workflow could not be created. Causes: (e8c47361608538fc): Dataflow quota error for jobs-per-project quota. Project project-x-ray is running 25 jobs. Please check the quota usage via GCP Console. If it exceeds the limit, please wait for a workflow to finish or contact Google Cloud Support to request an increase in quota. If it does not, contact Google Cloud Support.
createTime: '2021-01-07T23:10:33.910983Z'
currentStateTime: '1970-01-01T00:00:00Z'
id: 2021-01-07_15_10_32-1498498264296011207
location: europe-west2
name: copy_ITEM_FULFILLMENTS
projectId: project-x-ray
startTime: '2021-01-07T23:10:33.910983Z'
type: JOB_TYPE_BATCH
createTime: '2021-01-07T23:10:35.820229Z'
currentStateTime: '1970-01-01T00:00:00Z'
id: 2021-01-07_15_10_34-12499368416315773869
location: europe-west2
name: copy_COMPANIES
projectId: project-x-ray
startTime: '2021-01-07T23:10:35.820229Z'
type: JOB_TYPE_BATCH
createTime: '2021-01-07T23:10:37.717126Z'
currentStateTime: '1970-01-01T00:00:00Z'
id: 2021-01-07_15_10_36-5308033906760829344
location: europe-west2
name: copy_WMS_EXTERNAL_LABEL_DETAILS
projectId: project-x-ray
startTime: '2021-01-07T23:10:37.717126Z'
type: JOB_TYPE_BATCH
createTime: '2021-01-07T23:10:39.723035Z'
currentStateTime: '1970-01-01T00:00:00Z'
id: 2021-01-07_15_10_38-12641162454258719342
location: europe-west2
name: copy_WMS_SHIP_MANIFEST
projectId: project-x-ray
startTime: '2021-01-07T23:10:39.723035Z'
type: JOB_TYPE_BATCH
createTime: '2021-01-07T23:10:41.641961Z'
currentStateTime: '1970-01-01T00:00:00Z'
id: 2021-01-07_15_10_40-16832826975846736627
location: europe-west2
name: copy_CUSTOMER_CURRENCIES
projectId: project-x-ray
startTime: '2021-01-07T23:10:41.641961Z'
type: JOB_TYPE_BATCH
createTime: '2021-01-07T23:10:43.480163Z'
currentStateTime: '1970-01-01T00:00:00Z'
id: 2021-01-07_15_10_42-1781225726709154897
location: europe-west2
name: copy_ENTITY_STATUS_HISTORY
projectId: project-x-ray
startTime: '2021-01-07T23:10:43.480163Z'
type: JOB_TYPE_BATCH
createTime: '2021-01-07T23:10:45.492294Z'
currentStateTime: '1970-01-01T00:00:00Z'
id: 2021-01-07_15_10_44-9569477098042574646
location: europe-west2
name: copy_CUSTOMER_SUBSIDIARY_MAP
projectId: project-x-ray
startTime: '2021-01-07T23:10:45.492294Z'
type: JOB_TYPE_BATCH
createTime: '2021-01-07T23:10:47.400651Z'
currentStateTime: '1970-01-01T00:00:00Z'
id: 2021-01-07_15_10_46-12158755358027985261
location: europe-west2
name: copy_CUSTOMERS
projectId: project-x-ray
startTime: '2021-01-07T23:10:47.400651Z'
type: JOB_TYPE_BATCH
createTime: '2021-01-07T23:10:49.359590Z'
currentStateTime: '1970-01-01T00:00:00Z'
id: 2021-01-07_15_10_48-7597842948834955067
location: europe-west2
name: copy_WMS_SERIAL_ENTRY
projectId: project-x-ray
startTime: '2021-01-07T23:10:49.359590Z'
type: JOB_TYPE_BATCH
createTime: '2021-01-07T23:10:51.370899Z'
currentStateTime: '1970-01-01T00:00:00Z'
id: 2021-01-07_15_10_50-13467573094866333475
location: europe-west2
name: copy_CLIENT_AUDIT_TRAIL
projectId: project-x-ray
startTime: '2021-01-07T23:10:51.370899Z'
type: JOB_TYPE_BATCH
createTime: '2021-01-07T23:10:53.384553Z'
currentStateTime: '1970-01-01T00:00:00Z'
id: 2021-01-07_15_10_52-3400104699797306529
location: europe-west2
name: copy_WMS_COMMODITY_SHIPMENT
projectId: project-x-ray
startTime: '2021-01-07T23:10:53.384553Z'
type: JOB_TYPE_BATCH
createTime: '2021-01-07T23:10:55.234370Z'
currentStateTime: '1970-01-01T00:00:00Z'
id: 2021-01-07_15_10_54-11276747743573702575
location: europe-west2
name: copy_INBOUND_SHIPMENT_ITEMS
projectId: project-x-ray
startTime: '2021-01-07T23:10:55.234370Z'
type: JOB_TYPE_BATCH
createTime: '2021-01-07T23:10:57.141481Z'
currentStateTime: '1970-01-01T00:00:00Z'
id: 2021-01-07_15_10_56-3984754824199350934
location: europe-west2
name: copy_CYCLE_COUNT_PLAN_BINS_MAP
projectId: project-x-ray
startTime: '2021-01-07T23:10:57.141481Z'
type: JOB_TYPE_BATCH
createTime: '2021-01-07T23:10:58.967578Z'
currentStateTime: '1970-01-01T00:00:00Z'
id: 2021-01-07_15_10_57-5620620686557259232
location: europe-west2
name: copy_CONTACTS
projectId: project-x-ray
startTime: '2021-01-07T23:10:58.967578Z'
type: JOB_TYPE_BATCH
createTime: '2021-01-07T23:11:00.827227Z'
currentStateTime: '1970-01-01T00:00:00Z'
id: 2021-01-07_15_10_59-7345721377807238417
location: europe-west2
name: copy_VENDORS
projectId: project-x-ray
startTime: '2021-01-07T23:11:00.827227Z'
type: JOB_TYPE_BATCH
createTime: '2021-01-07T23:11:02.653257Z'
currentStateTime: '1970-01-01T00:00:00Z'
id: 2021-01-07_15_11_01-10974312281432461246
location: europe-west2
name: copy_CYCLE_COUNT_PLAN_ITEM_MAP
projectId: project-x-ray
startTime: '2021-01-07T23:11:02.653257Z'
type: JOB_TYPE_BATCH
createTime: '2021-01-07T23:11:04.446689Z'
currentStateTime: '1970-01-01T00:00:00Z'
id: 2021-01-07_15_11_03-2857194153224531650
location: europe-west2
name: copy_COUPON_CODES
projectId: project-x-ray
startTime: '2021-01-07T23:11:04.446689Z'
type: JOB_TYPE_BATCH
createTime: '2021-01-07T23:11:06.238312Z'
currentStateTime: '1970-01-01T00:00:00Z'
id: 2021-01-07_15_11_05-10615066434888083763
location: europe-west2
name: copy_INBOUND_SHIPMENTS
projectId: project-x-ray
startTime: '2021-01-07T23:11:06.238312Z'
type: JOB_TYPE_BATCH
createTime: '2021-01-07T23:11:08.034279Z'
currentStateTime: '1970-01-01T00:00:00Z'
id: 2021-01-07_15_11_07-3942437098267796267
location: europe-west2
name: copy_PROMOTION_CODES
projectId: project-x-ray
startTime: '2021-01-07T23:11:08.034279Z'
type: JOB_TYPE_BATCH
createTime: '2021-01-07T23:11:09.964395Z'
currentStateTime: '1970-01-01T00:00:00Z'
id: 2021-01-07_15_11_08-8543806275436157845
location: europe-west2
name: copy_EMPLOYEES
projectId: project-x-ray
startTime: '2021-01-07T23:11:09.964395Z'
type: JOB_TYPE_BATCH
createTime: '2021-01-07T23:35:37.671417Z'
currentStateTime: '1970-01-01T00:00:00Z'
id: 2021-01-07_15_35_36-15454755215547161527
location: europe-west2
name: copy_ADDRESSES
projectId: project-x-ray
startTime: '2021-01-07T23:35:37.671417Z'
type: JOB_TYPE_BATCH
createTime: '2021-01-08T00:17:15.318444Z'
currentStateTime: '1970-01-01T00:00:00Z'
id: 2021-01-07_16_17_14-17808348929360446252
location: europe-west2
name: copy_05SIZE_MAP
projectId: project-x-ray
startTime: '2021-01-08T00:17:15.318444Z'
type: JOB_TYPE_BATCH
