Dropped project-x-ray.netsuite_jdbc.TRANSACTION_LINE_BOOK_MAP_LOAD

Dropped project-x-ray.netsuite_jdbc.ITEM_PRICE_HISTORY_LOAD

Dropped project-x-ray.netsuite_jdbc.OPPORTUNITY_LINES_LOAD

Dropped project-x-ray.netsuite_jdbc.TRANSACTION_LINES_LOAD

Dropped project-x-ray.netsuite_jdbc.TRANSACTION_HISTORY_LOAD

Dropped project-x-ray.netsuite_jdbc.ITEM_LOCATION_MAP_LOAD

Dropped project-x-ray.netsuite_jdbc.TRANSACTION_LINKS_LOAD

Dropped project-x-ray.netsuite_jdbc.TRANSACTION_BIN_NUMBERS_LOAD

Dropped project-x-ray.netsuite_jdbc.POSTING_ACCOUNT_ACTIVITY_LOAD

Dropped project-x-ray.netsuite_jdbc.POSTING_ACCOUNT_ACTIVITY_PE_LOAD

Dropped project-x-ray.netsuite_jdbc.ITEM_PRICES_LOAD

Dropped project-x-ray.netsuite_jdbc.TRANSACTION_TAX_DETAIL_LOAD

Dropped project-x-ray.netsuite_jdbc.TRANSACTION_BOOK_MAP_LOAD

Dropped project-x-ray.netsuite_jdbc.ADDRESSES_LOAD

Dropped project-x-ray.netsuite_jdbc.TRANSACTIONS_LOAD

Dropped project-x-ray.netsuite_jdbc.TRANSACTION_ADDRESS_LOAD

Created project-x-ray.netsuite_jdbc.TRANSACTION_LINE_BOOK_MAP_LOAD

Created project-x-ray.netsuite_jdbc.ITEM_PRICE_HISTORY_LOAD

Created project-x-ray.netsuite_jdbc.OPPORTUNITY_LINES_LOAD

Created project-x-ray.netsuite_jdbc.TRANSACTION_LINES_LOAD

Created project-x-ray.netsuite_jdbc.TRANSACTION_HISTORY_LOAD

Created project-x-ray.netsuite_jdbc.ITEM_LOCATION_MAP_LOAD

Created project-x-ray.netsuite_jdbc.TRANSACTION_LINKS_LOAD

Created project-x-ray.netsuite_jdbc.TRANSACTION_BIN_NUMBERS_LOAD

Created project-x-ray.netsuite_jdbc.POSTING_ACCOUNT_ACTIVITY_LOAD

Created project-x-ray.netsuite_jdbc.POSTING_ACCOUNT_ACTIVITY_PE_LOAD

Created project-x-ray.netsuite_jdbc.ITEM_PRICES_LOAD

Created project-x-ray.netsuite_jdbc.TRANSACTION_TAX_DETAIL_LOAD

Created project-x-ray.netsuite_jdbc.TRANSACTION_BOOK_MAP_LOAD

Created project-x-ray.netsuite_jdbc.ADDRESSES_LOAD

Created project-x-ray.netsuite_jdbc.TRANSACTIONS_LOAD

Created project-x-ray.netsuite_jdbc.TRANSACTION_ADDRESS_LOAD

createTime: '2021-01-07T23:55:43.762924Z'
currentStateTime: '1970-01-01T00:00:00Z'
id: 2021-01-07_15_55_42-6817497283838292677
location: europe-west2
name: copy_TRANSACTION_LINE_BOOK_MAP
projectId: project-x-ray
startTime: '2021-01-07T23:55:43.762924Z'
type: JOB_TYPE_BATCH
createTime: '2021-01-07T23:55:45.696872Z'
currentStateTime: '1970-01-01T00:00:00Z'
id: 2021-01-07_15_55_44-6896874204895398108
location: europe-west2
name: copy_ITEM_PRICE_HISTORY
projectId: project-x-ray
startTime: '2021-01-07T23:55:45.696872Z'
type: JOB_TYPE_BATCH
createTime: '2021-01-07T23:55:47.557687Z'
currentStateTime: '1970-01-01T00:00:00Z'
id: 2021-01-07_15_55_46-9610622734560599917
location: europe-west2
name: copy_OPPORTUNITY_LINES
projectId: project-x-ray
startTime: '2021-01-07T23:55:47.557687Z'
type: JOB_TYPE_BATCH
createTime: '2021-01-07T23:55:49.424219Z'
currentStateTime: '1970-01-01T00:00:00Z'
id: 2021-01-07_15_55_48-166209262469774438
location: europe-west2
name: copy_TRANSACTION_LINES
projectId: project-x-ray
startTime: '2021-01-07T23:55:49.424219Z'
type: JOB_TYPE_BATCH
createTime: '2021-01-07T23:55:51.281236Z'
currentStateTime: '1970-01-01T00:00:00Z'
id: 2021-01-07_15_55_50-2262812881509369660
location: europe-west2
name: copy_TRANSACTION_HISTORY
projectId: project-x-ray
startTime: '2021-01-07T23:55:51.281236Z'
type: JOB_TYPE_BATCH
createTime: '2021-01-07T23:55:53.135159Z'
currentStateTime: '1970-01-01T00:00:00Z'
id: 2021-01-07_15_55_52-5316542788843299531
location: europe-west2
name: copy_ITEM_LOCATION_MAP
projectId: project-x-ray
startTime: '2021-01-07T23:55:53.135159Z'
type: JOB_TYPE_BATCH
createTime: '2021-01-07T23:55:54.999702Z'
currentStateTime: '1970-01-01T00:00:00Z'
id: 2021-01-07_15_55_53-4856221619645433299
location: europe-west2
name: copy_TRANSACTION_LINKS
projectId: project-x-ray
startTime: '2021-01-07T23:55:54.999702Z'
type: JOB_TYPE_BATCH
createTime: '2021-01-07T23:55:56.862856Z'
currentStateTime: '1970-01-01T00:00:00Z'
id: 2021-01-07_15_55_55-4856221619645434074
location: europe-west2
name: copy_TRANSACTION_BIN_NUMBERS
projectId: project-x-ray
startTime: '2021-01-07T23:55:56.862856Z'
type: JOB_TYPE_BATCH
createTime: '2021-01-07T23:55:58.699642Z'
currentStateTime: '1970-01-01T00:00:00Z'
id: 2021-01-07_15_55_57-18134026562611840575
location: europe-west2
name: copy_POSTING_ACCOUNT_ACTIVITY
projectId: project-x-ray
startTime: '2021-01-07T23:55:58.699642Z'
type: JOB_TYPE_BATCH
createTime: '2021-01-07T23:56:00.590470Z'
currentStateTime: '1970-01-01T00:00:00Z'
id: 2021-01-07_15_55_59-12226552918367375008
location: europe-west2
name: copy_POSTING_ACCOUNT_ACTIVITY_PE
projectId: project-x-ray
startTime: '2021-01-07T23:56:00.590470Z'
type: JOB_TYPE_BATCH
createTime: '2021-01-07T23:56:02.555326Z'
currentStateTime: '1970-01-01T00:00:00Z'
id: 2021-01-07_15_56_01-120165472098591526
location: europe-west2
name: copy_ITEM_PRICES
projectId: project-x-ray
startTime: '2021-01-07T23:56:02.555326Z'
type: JOB_TYPE_BATCH
createTime: '2021-01-07T23:56:04.452456Z'
currentStateTime: '1970-01-01T00:00:00Z'
id: 2021-01-07_15_56_03-11104761977716921920
location: europe-west2
name: copy_TRANSACTION_TAX_DETAIL
projectId: project-x-ray
startTime: '2021-01-07T23:56:04.452456Z'
type: JOB_TYPE_BATCH
createTime: '2021-01-07T23:56:06.311047Z'
currentStateTime: '1970-01-01T00:00:00Z'
id: 2021-01-07_15_56_05-6718199363502552048
location: europe-west2
name: copy_TRANSACTION_BOOK_MAP
projectId: project-x-ray
startTime: '2021-01-07T23:56:06.311047Z'
type: JOB_TYPE_BATCH
createTime: '2021-01-07T23:56:08.117758Z'
currentStateTime: '1970-01-01T00:00:00Z'
id: 2021-01-07_15_56_07-212569771932848967
location: europe-west2
name: copy_ADDRESSES
projectId: project-x-ray
startTime: '2021-01-07T23:56:08.117758Z'
type: JOB_TYPE_BATCH
createTime: '2021-01-07T23:56:10.163532Z'
currentStateTime: '1970-01-01T00:00:00Z'
id: 2021-01-07_15_56_09-5921557082091525710
location: europe-west2
name: copy_TRANSACTIONS
projectId: project-x-ray
startTime: '2021-01-07T23:56:10.163532Z'
type: JOB_TYPE_BATCH
createTime: '2021-01-07T23:56:11.999670Z'
currentStateTime: '1970-01-01T00:00:00Z'
id: 2021-01-07_15_56_11-13555168633607170987
location: europe-west2
name: copy_TRANSACTION_ADDRESS
projectId: project-x-ray
startTime: '2021-01-07T23:56:11.999670Z'
type: JOB_TYPE_BATCH
Dropped project-x-ray.netsuite_jdbc.TRANSACTION_LINE_BOOK_MAP

Dropped project-x-ray.netsuite_jdbc.ITEM_PRICE_HISTORY

Dropped project-x-ray.netsuite_jdbc.OPPORTUNITY_LINES

Dropped project-x-ray.netsuite_jdbc.TRANSACTION_LINES

Dropped project-x-ray.netsuite_jdbc.TRANSACTION_HISTORY

Dropped project-x-ray.netsuite_jdbc.ITEM_LOCATION_MAP

Dropped project-x-ray.netsuite_jdbc.TRANSACTION_LINKS

Dropped project-x-ray.netsuite_jdbc.TRANSACTION_BIN_NUMBERS

Dropped project-x-ray.netsuite_jdbc.POSTING_ACCOUNT_ACTIVITY

Dropped project-x-ray.netsuite_jdbc.POSTING_ACCOUNT_ACTIVITY_PE

Dropped project-x-ray.netsuite_jdbc.ITEM_PRICES

Dropped project-x-ray.netsuite_jdbc.TRANSACTION_TAX_DETAIL

Dropped project-x-ray.netsuite_jdbc.TRANSACTION_BOOK_MAP

Dropped project-x-ray.netsuite_jdbc.ADDRESSES

Dropped project-x-ray.netsuite_jdbc.TRANSACTIONS

Dropped project-x-ray.netsuite_jdbc.TRANSACTION_ADDRESS

Created project-x-ray.netsuite_jdbc.TRANSACTION_LINE_BOOK_MAP

Created project-x-ray.netsuite_jdbc.ITEM_PRICE_HISTORY

Created project-x-ray.netsuite_jdbc.OPPORTUNITY_LINES

Created project-x-ray.netsuite_jdbc.TRANSACTION_LINES

Created project-x-ray.netsuite_jdbc.TRANSACTION_HISTORY

Created project-x-ray.netsuite_jdbc.ITEM_LOCATION_MAP

Created project-x-ray.netsuite_jdbc.TRANSACTION_LINKS

Created project-x-ray.netsuite_jdbc.TRANSACTION_BIN_NUMBERS

Created project-x-ray.netsuite_jdbc.POSTING_ACCOUNT_ACTIVITY

Created project-x-ray.netsuite_jdbc.POSTING_ACCOUNT_ACTIVITY_PE

Created project-x-ray.netsuite_jdbc.ITEM_PRICES

Created project-x-ray.netsuite_jdbc.TRANSACTION_TAX_DETAIL

Created project-x-ray.netsuite_jdbc.TRANSACTION_BOOK_MAP

Created project-x-ray.netsuite_jdbc.ADDRESSES

Created project-x-ray.netsuite_jdbc.TRANSACTIONS

Created project-x-ray.netsuite_jdbc.TRANSACTION_ADDRESS

Dropped project-x-ray.netsuite_jdbc.WMS_LABEL_PRINTING_LOAD

Dropped project-x-ray.netsuite_jdbc.TRANSACTION_SHIPPING_GROUPS_LOAD

Dropped project-x-ray.netsuite_jdbc.TRANSACTION_TRACKING_NUMBERS_LOAD

Dropped project-x-ray.netsuite_jdbc.WMS_OPEN_TASK_LOAD

Dropped project-x-ray.netsuite_jdbc.BIN_NUMBER_COUNTS_LOAD

Dropped project-x-ray.netsuite_jdbc.05SIZE_MAP_LOAD

Dropped project-x-ray.netsuite_jdbc.ITEMS_LOAD

Dropped project-x-ray.netsuite_jdbc.ITEM_SUBSIDIARY_MAP_LOAD

Dropped project-x-ray.netsuite_jdbc.FARAPP_SYNCED_ITEMS_LOAD

Dropped project-x-ray.netsuite_jdbc.SUPPLIER_CATEGORIES_LOAD

Dropped project-x-ray.netsuite_jdbc.INVENTORY_ITEMS_LOAD

Dropped project-x-ray.netsuite_jdbc.02STYLE_NAME_MAP_LOAD

Dropped project-x-ray.netsuite_jdbc.ITEM_VENDOR_MAP_LOAD

Dropped project-x-ray.netsuite_jdbc.04PRINT_MAP_LOAD

Dropped project-x-ray.netsuite_jdbc.03SEASON_MAP_LOAD

Dropped project-x-ray.netsuite_jdbc.SHIPMENT_PACKAGES_LOAD

Dropped project-x-ray.netsuite_jdbc.ROLES1_LOAD

Dropped project-x-ray.netsuite_jdbc.ADDRESS_BOOK_LOAD

Dropped project-x-ray.netsuite_jdbc.ITEM_VENDOR_PRICING_LOAD

Dropped project-x-ray.netsuite_jdbc.ENTITY_LOAD

Created project-x-ray.netsuite_jdbc.WMS_LABEL_PRINTING_LOAD

Created project-x-ray.netsuite_jdbc.TRANSACTION_SHIPPING_GROUPS_LOAD

Created project-x-ray.netsuite_jdbc.TRANSACTION_TRACKING_NUMBERS_LOAD

Created project-x-ray.netsuite_jdbc.WMS_OPEN_TASK_LOAD

Created project-x-ray.netsuite_jdbc.BIN_NUMBER_COUNTS_LOAD

Created project-x-ray.netsuite_jdbc.05SIZE_MAP_LOAD

Created project-x-ray.netsuite_jdbc.ITEMS_LOAD

Created project-x-ray.netsuite_jdbc.ITEM_SUBSIDIARY_MAP_LOAD

Created project-x-ray.netsuite_jdbc.FARAPP_SYNCED_ITEMS_LOAD

Created project-x-ray.netsuite_jdbc.SUPPLIER_CATEGORIES_LOAD

Created project-x-ray.netsuite_jdbc.INVENTORY_ITEMS_LOAD

Created project-x-ray.netsuite_jdbc.02STYLE_NAME_MAP_LOAD

Created project-x-ray.netsuite_jdbc.ITEM_VENDOR_MAP_LOAD

Created project-x-ray.netsuite_jdbc.04PRINT_MAP_LOAD

Created project-x-ray.netsuite_jdbc.03SEASON_MAP_LOAD

Created project-x-ray.netsuite_jdbc.SHIPMENT_PACKAGES_LOAD

Created project-x-ray.netsuite_jdbc.ROLES1_LOAD

Created project-x-ray.netsuite_jdbc.ADDRESS_BOOK_LOAD

Created project-x-ray.netsuite_jdbc.ITEM_VENDOR_PRICING_LOAD

Created project-x-ray.netsuite_jdbc.ENTITY_LOAD

createTime: '2021-01-08T00:03:51.424190Z'
currentStateTime: '1970-01-01T00:00:00Z'
id: 2021-01-07_16_03_50-8281614395520135614
location: europe-west2
name: copy_WMS_LABEL_PRINTING
projectId: project-x-ray
startTime: '2021-01-08T00:03:51.424190Z'
type: JOB_TYPE_BATCH
createTime: '2021-01-08T00:03:53.227758Z'
currentStateTime: '1970-01-01T00:00:00Z'
id: 2021-01-07_16_03_52-10076184415115095313
location: europe-west2
name: copy_TRANSACTION_SHIPPING_GROUPS
projectId: project-x-ray
startTime: '2021-01-08T00:03:53.227758Z'
type: JOB_TYPE_BATCH
createTime: '2021-01-08T00:03:55.202112Z'
currentStateTime: '1970-01-01T00:00:00Z'
id: 2021-01-07_16_03_54-16073197731158254619
location: europe-west2
name: copy_TRANSACTION_TRACKING_NUMBERS
projectId: project-x-ray
startTime: '2021-01-08T00:03:55.202112Z'
type: JOB_TYPE_BATCH
createTime: '2021-01-08T00:03:57.073745Z'
currentStateTime: '1970-01-01T00:00:00Z'
id: 2021-01-07_16_03_56-2102702738119253669
location: europe-west2
name: copy_WMS_OPEN_TASK
projectId: project-x-ray
startTime: '2021-01-08T00:03:57.073745Z'
type: JOB_TYPE_BATCH
createTime: '2021-01-08T00:03:59.081972Z'
currentStateTime: '1970-01-01T00:00:00Z'
id: 2021-01-07_16_03_57-9923433376268064562
location: europe-west2
name: copy_BIN_NUMBER_COUNTS
projectId: project-x-ray
startTime: '2021-01-08T00:03:59.081972Z'
type: JOB_TYPE_BATCH
createTime: '2021-01-08T00:04:00.948995Z'
currentStateTime: '1970-01-01T00:00:00Z'
id: 2021-01-07_16_03_59-4203102259410503034
location: europe-west2
name: copy_05SIZE_MAP
projectId: project-x-ray
startTime: '2021-01-08T00:04:00.948995Z'
type: JOB_TYPE_BATCH
createTime: '2021-01-08T00:04:02.888244Z'
currentStateTime: '1970-01-01T00:00:00Z'
id: 2021-01-07_16_04_01-18446438867423517305
location: europe-west2
name: copy_ITEMS
projectId: project-x-ray
startTime: '2021-01-08T00:04:02.888244Z'
type: JOB_TYPE_BATCH
createTime: '2021-01-08T00:04:04.692797Z'
currentStateTime: '1970-01-01T00:00:00Z'
id: 2021-01-07_16_04_03-15934957353834476795
location: europe-west2
name: copy_ITEM_SUBSIDIARY_MAP
projectId: project-x-ray
startTime: '2021-01-08T00:04:04.692797Z'
type: JOB_TYPE_BATCH
createTime: '2021-01-08T00:04:06.440876Z'
currentStateTime: '1970-01-01T00:00:00Z'
id: 2021-01-07_16_04_05-8914702620871107089
location: europe-west2
name: copy_FARAPP_SYNCED_ITEMS
projectId: project-x-ray
startTime: '2021-01-08T00:04:06.440876Z'
type: JOB_TYPE_BATCH
createTime: '2021-01-08T00:04:08.207786Z'
currentStateTime: '1970-01-01T00:00:00Z'
id: 2021-01-07_16_04_07-6817497283838294715
location: europe-west2
name: copy_SUPPLIER_CATEGORIES
projectId: project-x-ray
startTime: '2021-01-08T00:04:08.207786Z'
type: JOB_TYPE_BATCH
createTime: '2021-01-08T00:04:10.061865Z'
currentStateTime: '1970-01-01T00:00:00Z'
id: 2021-01-07_16_04_09-10880074222095863458
location: europe-west2
name: copy_INVENTORY_ITEMS
projectId: project-x-ray
startTime: '2021-01-08T00:04:10.061865Z'
type: JOB_TYPE_BATCH
createTime: '2021-01-08T00:04:11.911550Z'
currentStateTime: '1970-01-01T00:00:00Z'
id: 2021-01-07_16_04_10-10408650751371106257
location: europe-west2
name: copy_02STYLE_NAME_MAP
projectId: project-x-ray
startTime: '2021-01-08T00:04:11.911550Z'
type: JOB_TYPE_BATCH
createTime: '2021-01-08T00:04:13.744884Z'
currentStateTime: '1970-01-01T00:00:00Z'
id: 2021-01-07_16_04_12-2776430205079522796
location: europe-west2
name: copy_ITEM_VENDOR_MAP
projectId: project-x-ray
startTime: '2021-01-08T00:04:13.744884Z'
type: JOB_TYPE_BATCH
createTime: '2021-01-08T00:04:15.510814Z'
currentStateTime: '1970-01-01T00:00:00Z'
id: 2021-01-07_16_04_14-4224304102662438089
location: europe-west2
name: copy_04PRINT_MAP
projectId: project-x-ray
startTime: '2021-01-08T00:04:15.510814Z'
type: JOB_TYPE_BATCH
createTime: '2021-01-08T00:04:17.328624Z'
currentStateTime: '1970-01-01T00:00:00Z'
id: 2021-01-07_16_04_16-3803396992817871903
location: europe-west2
name: copy_03SEASON_MAP
projectId: project-x-ray
startTime: '2021-01-08T00:04:17.328624Z'
type: JOB_TYPE_BATCH
createTime: '2021-01-08T00:04:19.110190Z'
currentStateTime: '1970-01-01T00:00:00Z'
id: 2021-01-07_16_04_18-3938747063727251595
location: europe-west2
name: copy_SHIPMENT_PACKAGES
projectId: project-x-ray
startTime: '2021-01-08T00:04:19.110190Z'
type: JOB_TYPE_BATCH
